[19-Feb-2019 22:34:33] NOTICE: fpm is running, pid 16
[19-Feb-2019 22:34:33] NOTICE: ready to handle connections
[20-Feb-2019 08:49:25] NOTICE: Terminating ...
[20-Feb-2019 08:49:25] NOTICE: exiting, bye-bye!
[20-Feb-2019 08:49:32] NOTICE: fpm is running, pid 56
[20-Feb-2019 08:49:32] NOTICE: ready to handle connections
[22-Feb-2019 07:46:09] NOTICE: Terminating ...
[22-Feb-2019 07:46:09] NOTICE: exiting, bye-bye!
[22-Feb-2019 07:46:17] NOTICE: fpm is running, pid 53
[22-Feb-2019 07:46:17] NOTICE: ready to handle connections
[25-Feb-2019 23:32:33] NOTICE: Terminating ...
[25-Feb-2019 23:32:33] NOTICE: exiting, bye-bye!
[05-Mar-2019 05:53:42] NOTICE: fpm is running, pid 39
[05-Mar-2019 05:53:42] NOTICE: ready to handle connections
[05-Mar-2019 18:44:31] NOTICE: fpm is running, pid 56
[05-Mar-2019 18:44:31] NOTICE: ready to handle connections
[05-Mar-2019 19:52:53] NOTICE: Terminating ...
[05-Mar-2019 19:52:53] NOTICE: exiting, bye-bye!
[05-Mar-2019 19:53:06] NOTICE: fpm is running, pid 52
[05-Mar-2019 19:53:06] NOTICE: ready to handle connections
[05-Mar-2019 19:57:05] NOTICE: Terminating ...
[05-Mar-2019 19:57:05] NOTICE: exiting, bye-bye!
[05-Mar-2019 20:31:07] NOTICE: fpm is running, pid 55
[05-Mar-2019 20:31:07] NOTICE: ready to handle connections
