2019-02-19T22:34:34.767211Z 0 [Warning] TIMESTAMP with implicit DEFAULT value is deprecated. Please use --explicit_defaults_for_timestamp server option (see documentation for more details).
2019-02-19T22:34:34.767611Z 0 [Note] /usr/sbin/mysqld (mysqld 5.7.23) starting as process 30 ...
2019-02-19T22:34:34.862627Z 0 [Note] InnoDB: PUNCH HOLE support available
2019-02-19T22:34:34.863862Z 0 [Note] InnoDB: Mutexes and rw_locks use GCC atomic builtins
2019-02-19T22:34:34.864461Z 0 [Note] InnoDB: Uses event mutexes
2019-02-19T22:34:34.865465Z 0 [Note] InnoDB: GCC builtin __atomic_thread_fence() is used for memory barrier
2019-02-19T22:34:34.866221Z 0 [Note] InnoDB: Compressed tables use zlib 1.2.3
2019-02-19T22:34:34.866393Z 0 [Note] InnoDB: Using Linux native AIO
2019-02-19T22:34:34.867216Z 0 [Note] InnoDB: Number of pools: 1
2019-02-19T22:34:34.867496Z 0 [Note] InnoDB: Using CPU crc32 instructions
2019-02-19T22:34:34.871890Z 0 [Note] InnoDB: Initializing buffer pool, total size = 32M, instances = 1, chunk size = 32M
2019-02-19T22:34:34.880808Z 0 [Note] InnoDB: Completed initialization of buffer pool
2019-02-19T22:34:34.888886Z 0 [Note] InnoDB: If the mysqld execution user is authorized, page cleaner thread priority can be changed. See the man page of setpriority().
2019-02-19T22:34:34.940784Z 0 [Note] InnoDB: Highest supported file format is Barracuda.
2019-02-19T22:34:34.942721Z 0 [Note] InnoDB: Log scan progressed past the checkpoint lsn 2588963
2019-02-19T22:34:34.942852Z 0 [Note] InnoDB: Doing recovery: scanned up to log sequence number 2591784
2019-02-19T22:34:34.944931Z 0 [Note] InnoDB: Database was not shutdown normally!
2019-02-19T22:34:34.945056Z 0 [Note] InnoDB: Starting crash recovery.
2019-02-19T22:34:36.391111Z 0 [Note] InnoDB: Starting an apply batch of log records to the database...
InnoDB: Progress in percent: 16 17 18 19 20 21 22 23 24 25 26 27 28 29 30 31 32 33 34 35 36 37 38 39 40 41 42 43 44 45 46 47 48 49 50 51 52 53 54 55 56 57 58 59 60 61 62 63 64 65 66 67 68 69 70 71 72 73 74 75 76 77 78 79 80 81 82 83 84 85 86 87 88 89 90 91 92 93 94 95 96 97 98 99 
2019-02-19T22:34:36.918860Z 0 [Note] InnoDB: Apply batch completed
2019-02-19T22:34:37.023787Z 0 [Note] InnoDB: Removed temporary tablespace data file: "ibtmp1"
2019-02-19T22:34:37.026574Z 0 [Note] InnoDB: Creating shared tablespace for temporary tables
2019-02-19T22:34:37.026902Z 0 [Note] InnoDB: Setting file './ibtmp1' size to 12 MB. Physically writing the file full; Please wait ...
2019-02-19T22:34:37.287123Z 0 [Note] InnoDB: File './ibtmp1' size is now 12 MB.
2019-02-19T22:34:37.298981Z 0 [Note] InnoDB: 96 redo rollback segment(s) found. 96 redo rollback segment(s) are active.
2019-02-19T22:34:37.311193Z 0 [Note] InnoDB: 32 non-redo rollback segment(s) are active.
2019-02-19T22:34:37.312754Z 0 [Note] InnoDB: Waiting for purge to start
2019-02-19T22:34:37.363961Z 0 [Note] InnoDB: 5.7.23 started; log sequence number 2591784
2019-02-19T22:34:37.364403Z 0 [Note] Plugin 'FEDERATED' is disabled.
2019-02-19T22:34:37.365818Z 0 [Warning] Failed to set up SSL because of the following SSL library error: SSL context is not usable without certificate and private key
2019-02-19T22:34:37.365998Z 0 [Note] Server hostname (bind-address): '*'; port: 3306
2019-02-19T22:34:37.366137Z 0 [Note] IPv6 is available.
2019-02-19T22:34:37.366237Z 0 [Note]   - '::' resolves to '::';
2019-02-19T22:34:37.366384Z 0 [Note] Server socket created on IP: '::'.
2019-02-19T22:34:37.371530Z 0 [Note] InnoDB: Loading buffer pool(s) from /var/lib/mysql/ib_buffer_pool
2019-02-19T22:34:37.372623Z 0 [Warning] Insecure configuration for --pid-file: Location '/var/run/mysqld' in the path is accessible to all OS users. Consider choosing a different directory.
2019-02-19T22:34:37.375423Z 0 [ERROR] /usr/sbin/mysqld: Table './mysql/user' is marked as crashed and should be repaired
2019-02-19T22:34:37.376110Z 0 [Warning] Checking table:   './mysql/user'
2019-02-19T22:34:37.376245Z 0 [ERROR] 1 client is using or hasn't closed the table properly
2019-02-19T22:34:37.377468Z 0 [Note] InnoDB: Buffer pool(s) load completed at 190219 22:34:37
2019-02-19T22:34:37.378356Z 0 [Warning] 'user' entry 'root@localhost' ignored in --skip-name-resolve mode.
2019-02-19T22:34:37.379096Z 0 [Warning] 'user' entry 'mysql.session@localhost' ignored in --skip-name-resolve mode.
2019-02-19T22:34:37.379763Z 0 [Warning] 'user' entry 'mysql.sys@localhost' ignored in --skip-name-resolve mode.
2019-02-19T22:34:37.380069Z 0 [Warning] 'db' entry 'performance_schema mysql.session@localhost' ignored in --skip-name-resolve mode.
2019-02-19T22:34:37.381069Z 0 [Warning] 'db' entry 'sys mysql.sys@localhost' ignored in --skip-name-resolve mode.
2019-02-19T22:34:37.382032Z 0 [Warning] 'proxies_priv' entry '@ root@localhost' ignored in --skip-name-resolve mode.
2019-02-19T22:34:37.384533Z 0 [Warning] 'tables_priv' entry 'user mysql.session@localhost' ignored in --skip-name-resolve mode.
2019-02-19T22:34:37.384790Z 0 [Warning] 'tables_priv' entry 'sys_config mysql.sys@localhost' ignored in --skip-name-resolve mode.
2019-02-19T22:34:37.440401Z 0 [Note] Event Scheduler: Loaded 0 events
2019-02-19T22:34:37.440737Z 0 [Note] /usr/sbin/mysqld: ready for connections.
Version: '5.7.23'  socket: '/var/run/mysqld/mysqld.sock'  port: 3306  MySQL Community Server (GPL)
2019-02-19T22:35:25.990174Z 4 [ERROR] /usr/sbin/mysqld: Table './mysql/proc' is marked as crashed and should be repaired
2019-02-19T22:35:25.990506Z 4 [Warning] Checking table:   './mysql/proc'
2019-02-19T22:35:26.007153Z 6 [Warning] 'user' entry 'root@localhost' ignored in --skip-name-resolve mode.
2019-02-19T22:35:26.007294Z 6 [Warning] 'user' entry 'mysql.session@localhost' ignored in --skip-name-resolve mode.
2019-02-19T22:35:26.007378Z 6 [Warning] 'user' entry 'mysql.sys@localhost' ignored in --skip-name-resolve mode.
2019-02-19T22:35:26.007488Z 6 [Warning] 'db' entry 'performance_schema mysql.session@localhost' ignored in --skip-name-resolve mode.
2019-02-19T22:35:26.007555Z 6 [Warning] 'db' entry 'sys mysql.sys@localhost' ignored in --skip-name-resolve mode.
2019-02-19T22:35:26.007661Z 6 [Warning] 'proxies_priv' entry '@ root@localhost' ignored in --skip-name-resolve mode.
2019-02-19T22:35:26.007901Z 6 [Warning] 'tables_priv' entry 'user mysql.session@localhost' ignored in --skip-name-resolve mode.
2019-02-19T22:35:26.007975Z 6 [Warning] 'tables_priv' entry 'sys_config mysql.sys@localhost' ignored in --skip-name-resolve mode.
2019-02-20T08:49:24.195185Z 0 [Note] Giving 1 client threads a chance to die gracefully
2019-02-20T08:49:24.196181Z 0 [Note] Shutting down slave threads
2019-02-20T08:49:26.196735Z 0 [Note] Forcefully disconnecting 0 remaining clients
2019-02-20T08:49:26.196920Z 0 [Note] Event Scheduler: Purging the queue. 0 events
2019-02-20T08:49:26.197232Z 0 [Note] Binlog end
2019-02-20T08:49:26.199038Z 0 [Note] Shutting down plugin 'ngram'
2019-02-20T08:49:26.199225Z 0 [Note] Shutting down plugin 'partition'
2019-02-20T08:49:26.199317Z 0 [Note] Shutting down plugin 'BLACKHOLE'
2019-02-20T08:49:26.199399Z 0 [Note] Shutting down plugin 'ARCHIVE'
2019-02-20T08:49:26.199482Z 0 [Note] Shutting down plugin 'PERFORMANCE_SCHEMA'
2019-02-20T08:49:26.199580Z 0 [Note] Shutting down plugin 'MRG_MYISAM'
2019-02-20T08:49:26.199662Z 0 [Note] Shutting down plugin 'MyISAM'
2019-02-20T08:49:26.199748Z 0 [Note] Shutting down plugin 'INNODB_SYS_VIRTUAL'
2019-02-20T08:49:26.199837Z 0 [Note] Shutting down plugin 'INNODB_SYS_DATAFILES'
2019-02-20T08:49:26.199929Z 0 [Note] Shutting down plugin 'INNODB_SYS_TABLESPACES'
2019-02-20T08:49:26.200026Z 0 [Note] Shutting down plugin 'INNODB_SYS_FOREIGN_COLS'
2019-02-20T08:49:26.200122Z 0 [Note] Shutting down plugin 'INNODB_SYS_FOREIGN'
2019-02-20T08:49:26.200245Z 0 [Note] Shutting down plugin 'INNODB_SYS_FIELDS'
2019-02-20T08:49:26.200366Z 0 [Note] Shutting down plugin 'INNODB_SYS_COLUMNS'
2019-02-20T08:49:26.200537Z 0 [Note] Shutting down plugin 'INNODB_SYS_INDEXES'
2019-02-20T08:49:26.200715Z 0 [Note] Shutting down plugin 'INNODB_SYS_TABLESTATS'
2019-02-20T08:49:26.200885Z 0 [Note] Shutting down plugin 'INNODB_SYS_TABLES'
2019-02-20T08:49:26.201048Z 0 [Note] Shutting down plugin 'INNODB_FT_INDEX_TABLE'
2019-02-20T08:49:26.201260Z 0 [Note] Shutting down plugin 'INNODB_FT_INDEX_CACHE'
2019-02-20T08:49:26.201432Z 0 [Note] Shutting down plugin 'INNODB_FT_CONFIG'
2019-02-20T08:49:26.201602Z 0 [Note] Shutting down plugin 'INNODB_FT_BEING_DELETED'
2019-02-20T08:49:26.201764Z 0 [Note] Shutting down plugin 'INNODB_FT_DELETED'
2019-02-20T08:49:26.201927Z 0 [Note] Shutting down plugin 'INNODB_FT_DEFAULT_STOPWORD'
2019-02-20T08:49:26.202092Z 0 [Note] Shutting down plugin 'INNODB_METRICS'
2019-02-20T08:49:26.202257Z 0 [Note] Shutting down plugin 'INNODB_TEMP_TABLE_INFO'
2019-02-20T08:49:26.202431Z 0 [Note] Shutting down plugin 'INNODB_BUFFER_POOL_STATS'
2019-02-20T08:49:26.202535Z 0 [Note] Shutting down plugin 'INNODB_BUFFER_PAGE_LRU'
2019-02-20T08:49:26.202649Z 0 [Note] Shutting down plugin 'INNODB_BUFFER_PAGE'
2019-02-20T08:49:26.202738Z 0 [Note] Shutting down plugin 'INNODB_CMP_PER_INDEX_RESET'
2019-02-20T08:49:26.202817Z 0 [Note] Shutting down plugin 'INNODB_CMP_PER_INDEX'
2019-02-20T08:49:26.202894Z 0 [Note] Shutting down plugin 'INNODB_CMPMEM_RESET'
2019-02-20T08:49:26.202971Z 0 [Note] Shutting down plugin 'INNODB_CMPMEM'
2019-02-20T08:49:26.203047Z 0 [Note] Shutting down plugin 'INNODB_CMP_RESET'
2019-02-20T08:49:26.203123Z 0 [Note] Shutting down plugin 'INNODB_CMP'
2019-02-20T08:49:26.203199Z 0 [Note] Shutting down plugin 'INNODB_LOCK_WAITS'
2019-02-20T08:49:26.203284Z 0 [Note] Shutting down plugin 'INNODB_LOCKS'
2019-02-20T08:49:26.203372Z 0 [Note] Shutting down plugin 'INNODB_TRX'
2019-02-20T08:49:26.203450Z 0 [Note] Shutting down plugin 'InnoDB'
2019-02-20T08:49:26.203796Z 0 [Note] InnoDB: FTS optimize thread exiting.
2019-02-20T08:49:26.204030Z 0 [Note] InnoDB: Starting shutdown...
2019-02-20T08:49:26.304442Z 0 [Note] InnoDB: Dumping buffer pool(s) to /var/lib/mysql/ib_buffer_pool
2019-02-20T08:49:26.304952Z 0 [Note] InnoDB: Buffer pool(s) dump completed at 190220  8:49:26
2019-02-20T08:49:33.157077Z 0 [Warning] TIMESTAMP with implicit DEFAULT value is deprecated. Please use --explicit_defaults_for_timestamp server option (see documentation for more details).
2019-02-20T08:49:33.158744Z 0 [Note] /usr/sbin/mysqld (mysqld 5.7.23) starting as process 76 ...
2019-02-20T08:49:33.183069Z 0 [Note] InnoDB: PUNCH HOLE support available
2019-02-20T08:49:33.186614Z 0 [Note] InnoDB: Mutexes and rw_locks use GCC atomic builtins
2019-02-20T08:49:33.186875Z 0 [Note] InnoDB: Uses event mutexes
2019-02-20T08:49:33.187054Z 0 [Note] InnoDB: GCC builtin __atomic_thread_fence() is used for memory barrier
2019-02-20T08:49:33.187175Z 0 [Note] InnoDB: Compressed tables use zlib 1.2.3
2019-02-20T08:49:33.187305Z 0 [Note] InnoDB: Using Linux native AIO
2019-02-20T08:49:33.187859Z 0 [Note] InnoDB: Number of pools: 1
2019-02-20T08:49:33.195838Z 0 [Note] InnoDB: Using CPU crc32 instructions
2019-02-20T08:49:33.198534Z 0 [Note] InnoDB: Initializing buffer pool, total size = 32M, instances = 1, chunk size = 32M
2019-02-20T08:49:33.202690Z 0 [Note] InnoDB: Completed initialization of buffer pool
2019-02-20T08:49:33.208833Z 0 [Note] InnoDB: If the mysqld execution user is authorized, page cleaner thread priority can be changed. See the man page of setpriority().
2019-02-20T08:49:33.216821Z 0 [Note] InnoDB: Highest supported file format is Barracuda.
2019-02-20T08:49:33.218226Z 0 [Note] InnoDB: Log scan progressed past the checkpoint lsn 3780549
2019-02-20T08:49:33.218693Z 0 [Note] InnoDB: Doing recovery: scanned up to log sequence number 3780558
2019-02-20T08:49:33.219362Z 0 [Note] InnoDB: Database was not shutdown normally!
2019-02-20T08:49:33.219773Z 0 [Note] InnoDB: Starting crash recovery.
2019-02-20T08:49:33.342946Z 0 [Note] InnoDB: Removed temporary tablespace data file: "ibtmp1"
2019-02-20T08:49:33.343653Z 0 [Note] InnoDB: Creating shared tablespace for temporary tables
2019-02-20T08:49:33.344613Z 0 [Note] InnoDB: Setting file './ibtmp1' size to 12 MB. Physically writing the file full; Please wait ...
2019-02-20T08:49:33.379266Z 0 [Note] InnoDB: File './ibtmp1' size is now 12 MB.
2019-02-20T08:49:33.381299Z 0 [Note] InnoDB: 96 redo rollback segment(s) found. 96 redo rollback segment(s) are active.
2019-02-20T08:49:33.382540Z 0 [Note] InnoDB: 32 non-redo rollback segment(s) are active.
2019-02-20T08:49:33.383082Z 0 [Note] InnoDB: Waiting for purge to start
2019-02-20T08:49:33.434010Z 0 [Note] InnoDB: 5.7.23 started; log sequence number 3780558
2019-02-20T08:49:33.434821Z 0 [Note] Plugin 'FEDERATED' is disabled.
2019-02-20T08:49:33.436672Z 0 [Warning] Failed to set up SSL because of the following SSL library error: SSL context is not usable without certificate and private key
2019-02-20T08:49:33.436833Z 0 [Note] Server hostname (bind-address): '*'; port: 3306
2019-02-20T08:49:33.437380Z 0 [Note] IPv6 is available.
2019-02-20T08:49:33.437761Z 0 [Note]   - '::' resolves to '::';
2019-02-20T08:49:33.438347Z 0 [Note] Server socket created on IP: '::'.
2019-02-20T08:49:33.439199Z 0 [Note] InnoDB: Loading buffer pool(s) from /var/lib/mysql/ib_buffer_pool
2019-02-20T08:49:33.439901Z 0 [Warning] Insecure configuration for --pid-file: Location '/var/run/mysqld' in the path is accessible to all OS users. Consider choosing a different directory.
2019-02-20T08:49:33.441352Z 0 [Warning] 'user' entry 'root@localhost' ignored in --skip-name-resolve mode.
2019-02-20T08:49:33.442288Z 0 [Warning] 'user' entry 'mysql.session@localhost' ignored in --skip-name-resolve mode.
2019-02-20T08:49:33.443120Z 0 [Warning] 'user' entry 'mysql.sys@localhost' ignored in --skip-name-resolve mode.
2019-02-20T08:49:33.444280Z 0 [Warning] 'db' entry 'performance_schema mysql.session@localhost' ignored in --skip-name-resolve mode.
2019-02-20T08:49:33.445063Z 0 [Warning] 'db' entry 'sys mysql.sys@localhost' ignored in --skip-name-resolve mode.
2019-02-20T08:49:33.445192Z 0 [Warning] 'proxies_priv' entry '@ root@localhost' ignored in --skip-name-resolve mode.
2019-02-20T08:49:33.441576Z 0 [Note] InnoDB: Buffer pool(s) load completed at 190220  8:49:33
2019-02-20T08:49:33.447690Z 0 [Warning] 'tables_priv' entry 'user mysql.session@localhost' ignored in --skip-name-resolve mode.
2019-02-20T08:49:33.448340Z 0 [Warning] 'tables_priv' entry 'sys_config mysql.sys@localhost' ignored in --skip-name-resolve mode.
2019-02-20T08:49:33.492857Z 0 [Note] Event Scheduler: Loaded 0 events
2019-02-20T08:49:33.496773Z 0 [Note] /usr/sbin/mysqld: ready for connections.
Version: '5.7.23'  socket: '/var/run/mysqld/mysqld.sock'  port: 3306  MySQL Community Server (GPL)
2019-02-20T18:40:50.585302Z 0 [Note] InnoDB: page_cleaner: 1000ms intended loop took 31835498ms. The settings might not be optimal. (flushed=0 and evicted=0, during the time.)
2019-02-21T17:41:04.857273Z 0 [Note] InnoDB: page_cleaner: 1000ms intended loop took 25628277ms. The settings might not be optimal. (flushed=0 and evicted=0, during the time.)
2019-02-22T06:28:06.816255Z 0 [Note] InnoDB: page_cleaner: 1000ms intended loop took 40832013ms. The settings might not be optimal. (flushed=0 and evicted=0, during the time.)
2019-02-22T07:46:09.250573Z 0 [Note] Giving 0 client threads a chance to die gracefully
2019-02-22T07:46:09.251181Z 0 [Note] Shutting down slave threads
2019-02-22T07:46:09.251298Z 0 [Note] Forcefully disconnecting 0 remaining clients
2019-02-22T07:46:09.251391Z 0 [Note] Event Scheduler: Purging the queue. 0 events
2019-02-22T07:46:09.252015Z 0 [Note] Binlog end
2019-02-22T07:46:09.252959Z 0 [Note] Shutting down plugin 'ngram'
2019-02-22T07:46:09.253069Z 0 [Note] Shutting down plugin 'partition'
2019-02-22T07:46:09.253658Z 0 [Note] Shutting down plugin 'BLACKHOLE'
2019-02-22T07:46:09.253774Z 0 [Note] Shutting down plugin 'ARCHIVE'
2019-02-22T07:46:09.254113Z 0 [Note] Shutting down plugin 'PERFORMANCE_SCHEMA'
2019-02-22T07:46:09.254262Z 0 [Note] Shutting down plugin 'MRG_MYISAM'
2019-02-22T07:46:09.254572Z 0 [Note] Shutting down plugin 'MyISAM'
2019-02-22T07:46:09.255130Z 0 [Note] Shutting down plugin 'INNODB_SYS_VIRTUAL'
2019-02-22T07:46:09.255304Z 0 [Note] Shutting down plugin 'INNODB_SYS_DATAFILES'
2019-02-22T07:46:09.255974Z 0 [Note] Shutting down plugin 'INNODB_SYS_TABLESPACES'
2019-02-22T07:46:09.256191Z 0 [Note] Shutting down plugin 'INNODB_SYS_FOREIGN_COLS'
2019-02-22T07:46:09.256830Z 0 [Note] Shutting down plugin 'INNODB_SYS_FOREIGN'
2019-02-22T07:46:09.257006Z 0 [Note] Shutting down plugin 'INNODB_SYS_FIELDS'
2019-02-22T07:46:09.257303Z 0 [Note] Shutting down plugin 'INNODB_SYS_COLUMNS'
2019-02-22T07:46:09.257978Z 0 [Note] Shutting down plugin 'INNODB_SYS_INDEXES'
2019-02-22T07:46:09.258577Z 0 [Note] Shutting down plugin 'INNODB_SYS_TABLESTATS'
2019-02-22T07:46:09.258692Z 0 [Note] Shutting down plugin 'INNODB_SYS_TABLES'
2019-02-22T07:46:09.258964Z 0 [Note] Shutting down plugin 'INNODB_FT_INDEX_TABLE'
2019-02-22T07:46:09.260026Z 0 [Note] Shutting down plugin 'INNODB_FT_INDEX_CACHE'
2019-02-22T07:46:09.260925Z 0 [Note] Shutting down plugin 'INNODB_FT_CONFIG'
2019-02-22T07:46:09.261898Z 0 [Note] Shutting down plugin 'INNODB_FT_BEING_DELETED'
2019-02-22T07:46:09.262480Z 0 [Note] Shutting down plugin 'INNODB_FT_DELETED'
2019-02-22T07:46:09.262919Z 0 [Note] Shutting down plugin 'INNODB_FT_DEFAULT_STOPWORD'
2019-02-22T07:46:09.263871Z 0 [Note] Shutting down plugin 'INNODB_METRICS'
2019-02-22T07:46:09.264869Z 0 [Note] Shutting down plugin 'INNODB_TEMP_TABLE_INFO'
2019-02-22T07:46:09.265444Z 0 [Note] Shutting down plugin 'INNODB_BUFFER_POOL_STATS'
2019-02-22T07:46:09.265789Z 0 [Note] Shutting down plugin 'INNODB_BUFFER_PAGE_LRU'
2019-02-22T07:46:09.266772Z 0 [Note] Shutting down plugin 'INNODB_BUFFER_PAGE'
2019-02-22T07:46:09.267744Z 0 [Note] Shutting down plugin 'INNODB_CMP_PER_INDEX_RESET'
2019-02-22T07:46:09.268724Z 0 [Note] Shutting down plugin 'INNODB_CMP_PER_INDEX'
2019-02-22T07:46:09.269702Z 0 [Note] Shutting down plugin 'INNODB_CMPMEM_RESET'
2019-02-22T07:46:09.270699Z 0 [Note] Shutting down plugin 'INNODB_CMPMEM'
2019-02-22T07:46:09.271698Z 0 [Note] Shutting down plugin 'INNODB_CMP_RESET'
2019-02-22T07:46:09.272360Z 0 [Note] Shutting down plugin 'INNODB_CMP'
2019-02-22T07:46:09.272627Z 0 [Note] Shutting down plugin 'INNODB_LOCK_WAITS'
2019-02-22T07:46:09.273303Z 0 [Note] Shutting down plugin 'INNODB_LOCKS'
2019-02-22T07:46:09.273649Z 0 [Note] Shutting down plugin 'INNODB_TRX'
2019-02-22T07:46:09.273806Z 0 [Note] Shutting down plugin 'InnoDB'
2019-02-22T07:46:09.274173Z 0 [Note] InnoDB: FTS optimize thread exiting.
2019-02-22T07:46:09.274692Z 0 [Note] InnoDB: Starting shutdown...
2019-02-22T07:46:09.377262Z 0 [Note] InnoDB: Dumping buffer pool(s) to /var/lib/mysql/ib_buffer_pool
2019-02-22T07:46:09.382448Z 0 [Note] InnoDB: Buffer pool(s) dump completed at 190222  7:46:09
2019-02-22T07:46:10.487581Z 0 [Note] InnoDB: Shutdown completed; log sequence number 4289222
2019-02-22T07:46:10.490854Z 0 [Note] InnoDB: Removed temporary tablespace data file: "ibtmp1"
2019-02-22T07:46:10.493001Z 0 [Note] Shutting down plugin 'MEMORY'
2019-02-22T07:46:10.493938Z 0 [Note] Shutting down plugin 'CSV'
2019-02-22T07:46:10.494767Z 0 [Note] Shutting down plugin 'sha256_password'
2019-02-22T07:46:10.494884Z 0 [Note] Shutting down plugin 'mysql_native_password'
2019-02-22T07:46:10.495973Z 0 [Note] Shutting down plugin 'binlog'
2019-02-22T07:46:10.497266Z 0 [Note] /usr/sbin/mysqld: Shutdown complete

2019-02-22T07:46:18.543445Z 0 [Warning] TIMESTAMP with implicit DEFAULT value is deprecated. Please use --explicit_defaults_for_timestamp server option (see documentation for more details).
2019-02-22T07:46:18.543689Z 0 [Note] /usr/sbin/mysqld (mysqld 5.7.23) starting as process 77 ...
2019-02-22T07:46:18.554446Z 0 [Note] InnoDB: PUNCH HOLE support available
2019-02-22T07:46:18.555308Z 0 [Note] InnoDB: Mutexes and rw_locks use GCC atomic builtins
2019-02-22T07:46:18.556269Z 0 [Note] InnoDB: Uses event mutexes
2019-02-22T07:46:18.556337Z 0 [Note] InnoDB: GCC builtin __atomic_thread_fence() is used for memory barrier
2019-02-22T07:46:18.556531Z 0 [Note] InnoDB: Compressed tables use zlib 1.2.3
2019-02-22T07:46:18.557373Z 0 [Note] InnoDB: Using Linux native AIO
2019-02-22T07:46:18.557883Z 0 [Note] InnoDB: Number of pools: 1
2019-02-22T07:46:18.558806Z 0 [Note] InnoDB: Using CPU crc32 instructions
2019-02-22T07:46:18.561163Z 0 [Note] InnoDB: Initializing buffer pool, total size = 32M, instances = 1, chunk size = 32M
2019-02-22T07:46:18.565763Z 0 [Note] InnoDB: Completed initialization of buffer pool
2019-02-22T07:46:18.569147Z 0 [Note] InnoDB: If the mysqld execution user is authorized, page cleaner thread priority can be changed. See the man page of setpriority().
2019-02-22T07:46:18.579456Z 0 [Note] InnoDB: Highest supported file format is Barracuda.
2019-02-22T07:46:18.594343Z 0 [Note] InnoDB: Creating shared tablespace for temporary tables
2019-02-22T07:46:18.595104Z 0 [Note] InnoDB: Setting file './ibtmp1' size to 12 MB. Physically writing the file full; Please wait ...
2019-02-22T07:46:18.627507Z 0 [Note] InnoDB: File './ibtmp1' size is now 12 MB.
2019-02-22T07:46:18.629260Z 0 [Note] InnoDB: 96 redo rollback segment(s) found. 96 redo rollback segment(s) are active.
2019-02-22T07:46:18.629520Z 0 [Note] InnoDB: 32 non-redo rollback segment(s) are active.
2019-02-22T07:46:18.630873Z 0 [Note] InnoDB: Waiting for purge to start
2019-02-22T07:46:18.681773Z 0 [Note] InnoDB: 5.7.23 started; log sequence number 4289222
2019-02-22T07:46:18.682602Z 0 [Note] Plugin 'FEDERATED' is disabled.
2019-02-22T07:46:18.684361Z 0 [Warning] Failed to set up SSL because of the following SSL library error: SSL context is not usable without certificate and private key
2019-02-22T07:46:18.685234Z 0 [Note] Server hostname (bind-address): '*'; port: 3306
2019-02-22T07:46:18.686250Z 0 [Note] IPv6 is available.
2019-02-22T07:46:18.686973Z 0 [Note]   - '::' resolves to '::';
2019-02-22T07:46:18.687260Z 0 [Note] Server socket created on IP: '::'.
2019-02-22T07:46:18.687118Z 0 [Note] InnoDB: Loading buffer pool(s) from /var/lib/mysql/ib_buffer_pool
2019-02-22T07:46:18.689130Z 0 [Warning] Insecure configuration for --pid-file: Location '/var/run/mysqld' in the path is accessible to all OS users. Consider choosing a different directory.
2019-02-22T07:46:18.690899Z 0 [Warning] 'user' entry 'root@localhost' ignored in --skip-name-resolve mode.
2019-02-22T07:46:18.692063Z 0 [Warning] 'user' entry 'mysql.session@localhost' ignored in --skip-name-resolve mode.
2019-02-22T07:46:18.692696Z 0 [Warning] 'user' entry 'mysql.sys@localhost' ignored in --skip-name-resolve mode.
2019-02-22T07:46:18.692994Z 0 [Warning] 'db' entry 'performance_schema mysql.session@localhost' ignored in --skip-name-resolve mode.
2019-02-22T07:46:18.693885Z 0 [Warning] 'db' entry 'sys mysql.sys@localhost' ignored in --skip-name-resolve mode.
2019-02-22T07:46:18.694467Z 0 [Warning] 'proxies_priv' entry '@ root@localhost' ignored in --skip-name-resolve mode.
2019-02-22T07:46:18.695830Z 0 [Warning] 'tables_priv' entry 'user mysql.session@localhost' ignored in --skip-name-resolve mode.
2019-02-22T07:46:18.696844Z 0 [Warning] 'tables_priv' entry 'sys_config mysql.sys@localhost' ignored in --skip-name-resolve mode.
2019-02-22T07:46:18.691748Z 0 [Note] InnoDB: Buffer pool(s) load completed at 190222  7:46:18
2019-02-22T07:46:18.713824Z 0 [Note] Event Scheduler: Loaded 0 events
2019-02-22T07:46:18.723305Z 0 [Note] /usr/sbin/mysqld: ready for connections.
Version: '5.7.23'  socket: '/var/run/mysqld/mysqld.sock'  port: 3306  MySQL Community Server (GPL)
2019-02-22T18:26:16.600433Z 0 [Note] InnoDB: page_cleaner: 1000ms intended loop took 30420056ms. The settings might not be optimal. (flushed=0 and evicted=0, during the time.)
2019-02-23T01:06:28.369916Z 0 [Note] InnoDB: page_cleaner: 1000ms intended loop took 4455ms. The settings might not be optimal. (flushed=0 and evicted=0, during the time.)
2019-02-23T01:33:29.893439Z 0 [Note] InnoDB: page_cleaner: 1000ms intended loop took 38807ms. The settings might not be optimal. (flushed=0 and evicted=0, during the time.)
2019-02-23T20:10:19.983766Z 0 [Note] InnoDB: page_cleaner: 1000ms intended loop took 37950647ms. The settings might not be optimal. (flushed=0 and evicted=0, during the time.)
2019-02-24T09:52:11.072998Z 0 [Note] InnoDB: page_cleaner: 1000ms intended loop took 240500ms. The settings might not be optimal. (flushed=0 and evicted=0, during the time.)
2019-02-24T10:13:57.901741Z 0 [Note] InnoDB: page_cleaner: 1000ms intended loop took 5194ms. The settings might not be optimal. (flushed=0 and evicted=0, during the time.)
2019-02-24T18:53:48.555489Z 0 [Note] InnoDB: page_cleaner: 1000ms intended loop took 31185639ms. The settings might not be optimal. (flushed=0 and evicted=0, during the time.)
2019-02-24T20:23:15.048252Z 0 [Note] InnoDB: page_cleaner: 1000ms intended loop took 4997092ms. The settings might not be optimal. (flushed=0 and evicted=0, during the time.)
2019-02-24T22:30:33.843414Z 0 [Note] InnoDB: page_cleaner: 1000ms intended loop took 6943ms. The settings might not be optimal. (flushed=0 and evicted=0, during the time.)
2019-02-25T02:02:22.186281Z 0 [Note] InnoDB: page_cleaner: 1000ms intended loop took 12707343ms. The settings might not be optimal. (flushed=0 and evicted=0, during the time.)
2019-02-25T17:54:34.213425Z 0 [Note] InnoDB: page_cleaner: 1000ms intended loop took 29563629ms. The settings might not be optimal. (flushed=0 and evicted=0, during the time.)
2019-02-25T23:32:02.657281Z 0 [Note] InnoDB: page_cleaner: 1000ms intended loop took 18178427ms. The settings might not be optimal. (flushed=0 and evicted=0, during the time.)
2019-02-25T23:32:32.209538Z 0 [Note] Giving 0 client threads a chance to die gracefully
2019-02-25T23:32:32.210066Z 0 [Note] Shutting down slave threads
2019-02-25T23:32:32.210184Z 0 [Note] Forcefully disconnecting 0 remaining clients
2019-02-25T23:32:32.210755Z 0 [Note] Event Scheduler: Purging the queue. 0 events
2019-02-25T23:32:32.210887Z 0 [Note] Binlog end
2019-02-25T23:32:32.212532Z 0 [Note] Shutting down plugin 'ngram'
2019-02-25T23:32:32.212643Z 0 [Note] Shutting down plugin 'partition'
2019-02-25T23:32:32.212990Z 0 [Note] Shutting down plugin 'BLACKHOLE'
2019-02-25T23:32:32.213649Z 0 [Note] Shutting down plugin 'ARCHIVE'
2019-02-25T23:32:32.213767Z 0 [Note] Shutting down plugin 'PERFORMANCE_SCHEMA'
2019-02-25T23:32:32.213905Z 0 [Note] Shutting down plugin 'MRG_MYISAM'
2019-02-25T23:32:32.213990Z 0 [Note] Shutting down plugin 'MyISAM'
2019-02-25T23:32:32.214119Z 0 [Note] Shutting down plugin 'INNODB_SYS_VIRTUAL'
2019-02-25T23:32:32.214253Z 0 [Note] Shutting down plugin 'INNODB_SYS_DATAFILES'
2019-02-25T23:32:32.214987Z 0 [Note] Shutting down plugin 'INNODB_SYS_TABLESPACES'
2019-02-25T23:32:32.215125Z 0 [Note] Shutting down plugin 'INNODB_SYS_FOREIGN_COLS'
2019-02-25T23:32:32.215276Z 0 [Note] Shutting down plugin 'INNODB_SYS_FOREIGN'
2019-02-25T23:32:32.215943Z 0 [Note] Shutting down plugin 'INNODB_SYS_FIELDS'
2019-02-25T23:32:32.216234Z 0 [Note] Shutting down plugin 'INNODB_SYS_COLUMNS'
2019-02-25T23:32:32.216501Z 0 [Note] Shutting down plugin 'INNODB_SYS_INDEXES'
2019-02-25T23:32:32.216932Z 0 [Note] Shutting down plugin 'INNODB_SYS_TABLESTATS'
2019-02-25T23:32:32.217361Z 0 [Note] Shutting down plugin 'INNODB_SYS_TABLES'
2019-02-25T23:32:32.217633Z 0 [Note] Shutting down plugin 'INNODB_FT_INDEX_TABLE'
2019-02-25T23:32:32.217868Z 0 [Note] Shutting down plugin 'INNODB_FT_INDEX_CACHE'
2019-02-25T23:32:32.218046Z 0 [Note] Shutting down plugin 'INNODB_FT_CONFIG'
2019-02-25T23:32:32.218251Z 0 [Note] Shutting down plugin 'INNODB_FT_BEING_DELETED'
2019-02-25T23:32:32.218983Z 0 [Note] Shutting down plugin 'INNODB_FT_DELETED'
2019-02-25T23:32:32.223125Z 0 [Note] Shutting down plugin 'INNODB_FT_DEFAULT_STOPWORD'
2019-02-25T23:32:32.223312Z 0 [Note] Shutting down plugin 'INNODB_METRICS'
2019-02-25T23:32:32.223554Z 0 [Note] Shutting down plugin 'INNODB_TEMP_TABLE_INFO'
2019-02-25T23:32:32.223721Z 0 [Note] Shutting down plugin 'INNODB_BUFFER_POOL_STATS'
2019-02-25T23:32:32.223891Z 0 [Note] Shutting down plugin 'INNODB_BUFFER_PAGE_LRU'
2019-02-25T23:32:32.224058Z 0 [Note] Shutting down plugin 'INNODB_BUFFER_PAGE'
2019-02-25T23:32:32.224147Z 0 [Note] Shutting down plugin 'INNODB_CMP_PER_INDEX_RESET'
2019-02-25T23:32:32.224733Z 0 [Note] Shutting down plugin 'INNODB_CMP_PER_INDEX'
2019-02-25T23:32:32.232129Z 0 [Note] Shutting down plugin 'INNODB_CMPMEM_RESET'
2019-02-25T23:32:32.232319Z 0 [Note] Shutting down plugin 'INNODB_CMPMEM'
2019-02-25T23:32:32.232705Z 0 [Note] Shutting down plugin 'INNODB_CMP_RESET'
2019-02-25T23:32:32.233760Z 0 [Note] Shutting down plugin 'INNODB_CMP'
2019-02-25T23:32:32.234018Z 0 [Note] Shutting down plugin 'INNODB_LOCK_WAITS'
2019-02-25T23:32:32.234191Z 0 [Note] Shutting down plugin 'INNODB_LOCKS'
2019-02-25T23:32:32.234260Z 0 [Note] Shutting down plugin 'INNODB_TRX'
2019-02-25T23:32:32.251207Z 0 [Note] Shutting down plugin 'InnoDB'
2019-02-25T23:32:32.251429Z 0 [Note] InnoDB: FTS optimize thread exiting.
2019-02-25T23:32:32.252177Z 0 [Note] InnoDB: Starting shutdown...
2019-02-25T23:32:32.353352Z 0 [Note] InnoDB: Dumping buffer pool(s) to /var/lib/mysql/ib_buffer_pool
2019-02-25T23:32:32.353764Z 0 [Note] InnoDB: Buffer pool(s) dump completed at 190225 23:32:32
2019-02-25T23:32:33.363399Z 0 [Note] InnoDB: Shutdown completed; log sequence number 5420363
2019-02-25T23:32:33.366101Z 0 [Note] InnoDB: Removed temporary tablespace data file: "ibtmp1"
2019-02-25T23:32:33.366254Z 0 [Note] Shutting down plugin 'MEMORY'
2019-02-25T23:32:33.366356Z 0 [Note] Shutting down plugin 'CSV'
2019-02-25T23:32:33.366440Z 0 [Note] Shutting down plugin 'sha256_password'
2019-02-25T23:32:33.366521Z 0 [Note] Shutting down plugin 'mysql_native_password'
2019-02-25T23:32:33.366708Z 0 [Note] Shutting down plugin 'binlog'
2019-02-25T23:32:33.367355Z 0 [Note] /usr/sbin/mysqld: Shutdown complete

2019-03-05T05:53:43.310326Z 0 [Warning] TIMESTAMP with implicit DEFAULT value is deprecated. Please use --explicit_defaults_for_timestamp server option (see documentation for more details).
2019-03-05T05:53:43.325850Z 0 [Note] /usr/sbin/mysqld (mysqld 5.7.23) starting as process 59 ...
2019-03-05T05:53:43.382702Z 0 [Note] InnoDB: PUNCH HOLE support available
2019-03-05T05:53:43.383277Z 0 [Note] InnoDB: Mutexes and rw_locks use GCC atomic builtins
2019-03-05T05:53:43.384037Z 0 [Note] InnoDB: Uses event mutexes
2019-03-05T05:53:43.384239Z 0 [Note] InnoDB: GCC builtin __atomic_thread_fence() is used for memory barrier
2019-03-05T05:53:43.384814Z 0 [Note] InnoDB: Compressed tables use zlib 1.2.3
2019-03-05T05:53:43.385209Z 0 [Note] InnoDB: Using Linux native AIO
2019-03-05T05:53:43.388153Z 0 [Note] InnoDB: Number of pools: 1
2019-03-05T05:53:43.395250Z 0 [Note] InnoDB: Using CPU crc32 instructions
2019-03-05T05:53:43.402840Z 0 [Note] InnoDB: Initializing buffer pool, total size = 32M, instances = 1, chunk size = 32M
2019-03-05T05:53:43.409291Z 0 [Note] InnoDB: Completed initialization of buffer pool
2019-03-05T05:53:43.412366Z 0 [Note] InnoDB: If the mysqld execution user is authorized, page cleaner thread priority can be changed. See the man page of setpriority().
2019-03-05T05:53:43.436676Z 0 [Note] InnoDB: Highest supported file format is Barracuda.
2019-03-05T05:53:43.488058Z 0 [Note] InnoDB: Creating shared tablespace for temporary tables
2019-03-05T05:53:43.488788Z 0 [Note] InnoDB: Setting file './ibtmp1' size to 12 MB. Physically writing the file full; Please wait ...
2019-03-05T05:53:43.518439Z 0 [Note] InnoDB: File './ibtmp1' size is now 12 MB.
2019-03-05T05:53:43.519611Z 0 [Note] InnoDB: 96 redo rollback segment(s) found. 96 redo rollback segment(s) are active.
2019-03-05T05:53:43.519967Z 0 [Note] InnoDB: 32 non-redo rollback segment(s) are active.
2019-03-05T05:53:43.521370Z 0 [Note] InnoDB: Waiting for purge to start
2019-03-05T05:53:43.572295Z 0 [Note] InnoDB: 5.7.23 started; log sequence number 5420363
2019-03-05T05:53:43.574827Z 0 [Note] Plugin 'FEDERATED' is disabled.
2019-03-05T05:53:43.575795Z 0 [Note] InnoDB: Loading buffer pool(s) from /var/lib/mysql/ib_buffer_pool
2019-03-05T05:53:43.610846Z 0 [Warning] Failed to set up SSL because of the following SSL library error: SSL context is not usable without certificate and private key
2019-03-05T05:53:43.611275Z 0 [Note] Server hostname (bind-address): '*'; port: 3306
2019-03-05T05:53:43.612741Z 0 [Note] IPv6 is available.
2019-03-05T05:53:43.614007Z 0 [Note]   - '::' resolves to '::';
2019-03-05T05:53:43.614277Z 0 [Note] Server socket created on IP: '::'.
2019-03-05T05:53:43.619133Z 0 [Warning] Insecure configuration for --pid-file: Location '/var/run/mysqld' in the path is accessible to all OS users. Consider choosing a different directory.
2019-03-05T05:53:43.631514Z 0 [Warning] 'user' entry 'root@localhost' ignored in --skip-name-resolve mode.
2019-03-05T05:53:43.631761Z 0 [Warning] 'user' entry 'mysql.session@localhost' ignored in --skip-name-resolve mode.
2019-03-05T05:53:43.631888Z 0 [Warning] 'user' entry 'mysql.sys@localhost' ignored in --skip-name-resolve mode.
2019-03-05T05:53:43.632802Z 0 [Warning] 'db' entry 'performance_schema mysql.session@localhost' ignored in --skip-name-resolve mode.
2019-03-05T05:53:43.633168Z 0 [Warning] 'db' entry 'sys mysql.sys@localhost' ignored in --skip-name-resolve mode.
2019-03-05T05:53:43.633875Z 0 [Warning] 'proxies_priv' entry '@ root@localhost' ignored in --skip-name-resolve mode.
2019-03-05T05:53:43.656774Z 0 [Warning] 'tables_priv' entry 'user mysql.session@localhost' ignored in --skip-name-resolve mode.
2019-03-05T05:53:43.657132Z 0 [Warning] 'tables_priv' entry 'sys_config mysql.sys@localhost' ignored in --skip-name-resolve mode.
2019-03-05T05:53:43.668811Z 0 [Note] InnoDB: Buffer pool(s) load completed at 190305  5:53:43
2019-03-05T05:53:43.721567Z 0 [Note] Event Scheduler: Loaded 0 events
2019-03-05T05:53:43.725159Z 0 [Note] /usr/sbin/mysqld: ready for connections.
Version: '5.7.23'  socket: '/var/run/mysqld/mysqld.sock'  port: 3306  MySQL Community Server (GPL)
2019-03-05T07:54:33.530287Z 0 [Note] InnoDB: page_cleaner: 1000ms intended loop took 2710675ms. The settings might not be optimal. (flushed=0 and evicted=0, during the time.)
